<?xml version="1.0" encoding="UTF-8"?>
<!-- Generated by org.testng.reporters.JUnitReportReporter -->
<testsuite hostname="karans-MacBook-Pro.local" failures="0" tests="4" name="SongTest.TestSongs" time="0.012" errors="0" timestamp="2023-05-10T14:18:21 IST" skipped="0">
  <testcase classname="SongTest.TestSongs" name="testHappyFlow" time="0.001"/>
  <system-out/>
  <testcase classname="SongTest.TestSongs" name="testHappyFlow" time="0.001"/>
  <system-out/>
  <testcase classname="SongTest.TestSongs" name="testHappyFlow" time="0.009"/>
  <system-out/>
  <testcase classname="SongTest.TestSongs" name="testHappyFlow" time="0.001"/>
  <system-out/>
</testsuite> <!-- SongTest.TestSongs -->
